Log file open, 10/24/17 16:43:20
LogWindows: Failed to load 'aqProf.dll' (GetLastError=126)
LogWindows: File 'aqProf.dll' does not exist
LogWindows: Failed to load 'VSPerf140.dll' (GetLastError=126)
LogWindows: File 'VSPerf140.dll' does not exist
LogWindows: Failed to load 'VtuneApi.dll' (GetLastError=126)
LogWindows: File 'VtuneApi.dll' does not exist
LogWindows: Failed to load 'VtuneApi32e.dll' (GetLastError=126)
LogWindows: File 'VtuneApi32e.dll' does not exist
LogInit: Display: Running engine for game: multiplayer_fps
LogPlatformFile: Not using cached read wrapper
LogInit: Display: RandInit(-1651477636) SRandInit(-1651477636).
LogTaskGraph: Started task graph with 5 named threads and 8 total threads with 3 sets of task threads.
LogStats: Stats thread started at 0.256951
LogD3D11RHI: Aftermath initialized
LogPluginManager: Mounting plugin Paper2D
LogPluginManager: Mounting plugin LightPropagationVolume
LogPluginManager: Mounting plugin CodeLiteSourceCodeAccess
LogPluginManager: Mounting plugin GitSourceControl
LogPluginManager: Mounting plugin KDevelopSourceCodeAccess
LogPluginManager: Mounting plugin NullSourceCodeAccess
LogPluginManager: Mounting plugin PerforceSourceControl
LogPluginManager: Mounting plugin SubversionSourceControl
LogPluginManager: Mounting plugin UObjectPlugin
LogPluginManager: Mounting plugin VisualStudioSourceCodeAccess
LogPluginManager: Mounting plugin XCodeSourceCodeAccess
LogPluginManager: Mounting plugin AssetManagerEditor
LogPluginManager: Mounting plugin AudioCapture
LogPluginManager: Mounting plugin FacialAnimation
LogPluginManager: Mounting plugin GameplayTagsEditor
LogPluginManager: Mounting plugin MobileLauncherProfileWizard
LogPluginManager: Mounting plugin PluginBrowser
LogPluginManager: Mounting plugin SpeedTreeImporter
LogPluginManager: Mounting plugin AlembicImporter
LogPluginManager: Mounting plugin CharacterAI
LogPluginManager: Mounting plugin HTML5Networking
LogPluginManager: Mounting plugin AndroidMedia
LogPluginManager: Mounting plugin AvfMedia
LogPluginManager: Mounting plugin MediaPlayerEditor
LogPluginManager: Mounting plugin WmfMedia
LogPluginManager: Mounting plugin TcpMessaging
LogPluginManager: Mounting plugin UdpMessaging
LogPluginManager: Mounting plugin LevelSequenceEditor
LogPluginManager: Mounting plugin MatineeToLevelSequence
LogPluginManager: Mounting plugin OnlineSubsystemGooglePlay
LogPluginManager: Mounting plugin OnlineSubsystemIOS
LogPluginManager: Mounting plugin OnlineSubsystem
LogPluginManager: Mounting plugin OnlineSubsystemNull
LogPluginManager: Mounting plugin OnlineSubsystemUtils
LogPluginManager: Mounting plugin AndroidDeviceProfileSelector
LogPluginManager: Mounting plugin AndroidMoviePlayer
LogPluginManager: Mounting plugin AndroidPermission
LogPluginManager: Mounting plugin AppleMoviePlayer
LogPluginManager: Mounting plugin ArchVisCharacter
LogPluginManager: Mounting plugin CableComponent
LogPluginManager: Mounting plugin CustomMeshComponent
LogPluginManager: Mounting plugin ExampleDeviceProfileSelector
LogPluginManager: Mounting plugin GoogleCloudMessaging
LogPluginManager: Mounting plugin ImmediatePhysics
LogPluginManager: Mounting plugin IOSDeviceProfileSelector
LogPluginManager: Mounting plugin LinuxDeviceProfileSelector
LogPluginManager: Mounting plugin LocationServicesBPLibrary
LogPluginManager: Mounting plugin MobilePatchingUtils
LogPluginManager: Mounting plugin OculusVR
LogPluginManager: Mounting plugin PhysXVehicles
LogPluginManager: Mounting plugin ProceduralMeshComponent
LogPluginManager: Mounting plugin RuntimePhysXCooking
LogPluginManager: Mounting plugin SteamVR
LogPluginManager: Mounting plugin WindowsMoviePlayer
LogInit: Using libcurl 7.47.1
LogInit:  - built for x86_64-pc-win32
LogInit:  - supports SSL with OpenSSL/1.0.2g
LogInit:  - supports HTTP deflate (compression) using libz 1.2.8
LogInit:  - other features:
LogInit:      CURL_VERSION_SSL
LogInit:      CURL_VERSION_LIBZ
LogInit:      CURL_VERSION_IPV6
LogInit:      CURL_VERSION_ASYNCHDNS
LogInit:      CURL_VERSION_LARGEFILE
LogInit:      CURL_VERSION_IDN
LogInit:  CurlRequestOptions (configurable via config and command line):
LogInit:  - bVerifyPeer = false  - Libcurl will NOT verify peer certificate
LogInit:  - bUseHttpProxy = false  - Libcurl will NOT use HTTP proxy
LogInit:  - bDontReuseConnections = false  - Libcurl will reuse connections
LogInit:  - CertBundlePath = nullptr  - Libcurl will use whatever was configured at build time.
LogInit: Build: ++UE4+Release-4.17-CL-3658906
LogInit: Engine Version: 4.17.2-3658906+++UE4+Release-4.17
LogInit: Compatible Engine Version: 4.17.0-3573198+++UE4+Release-4.17
LogInit: Net CL: 3573198
LogDevObjectVersion: Number of dev versions registered: 16
LogDevObjectVersion:   Dev-Blueprints (B0D832E4-1F89-4F0D-ACCF-7EB736FD4AA2): 10
LogDevObjectVersion:   Dev-Build (E1C64328-A22C-4D53-A36C-8E866417BD8C): 0
LogDevObjectVersion:   Dev-Core (375EC13C-06E4-48FB-B500-84F0262A717E): 2
LogDevObjectVersion:   Dev-Editor (E4B068ED-F494-42E9-A231-DA0B2E46BB41): 20
LogDevObjectVersion:   Dev-Framework (CFFC743F-43B0-4480-9391-14DF171D2073): 28
LogDevObjectVersion:   Dev-Mobile (B02B49B5-BB20-44E9-A304-32B752E40360): 0
LogDevObjectVersion:   Dev-Networking (A4E4105C-59A1-49B5-A7C5-40C4547EDFEE): 0
LogDevObjectVersion:   Dev-Online (39C831C9-5AE6-47DC-9A44-9C173E1C8E7C): 0
LogDevObjectVersion:   Dev-Physics (78F01B33-EBEA-4F98-B9B4-84EACCB95AA2): 0
LogDevObjectVersion:   Dev-Platform (6631380F-2D4D-43E0-8009-CF276956A95A): 0
LogDevObjectVersion:   Dev-Rendering (12F88B9F-8875-4AFC-A67C-D90C383ABD29): 19
LogDevObjectVersion:   Dev-Sequencer (7B5AE74C-D270-4C10-A958-57980B212A5A): 4
LogDevObjectVersion:   Dev-VR (D7296918-1DD6-4BDD-9DE2-64A83CC13884): 0
LogDevObjectVersion:   Dev-LoadTimes (C2A15278-BFE7-4AFE-6C17-90FF531DF755): 1
LogDevObjectVersion:   Private-Geometry (6EACA3D4-40EC-4CC1-B786-8BED09428FC5): 1
LogDevObjectVersion:   Dev-AnimPhys (29E575DD-E0A3-4627-9D10-D276232CDCEA): 7
LogInit: Compiled (64-bit): Sep 22 2017 13:47:16
LogInit: Compiled with Visual C++: 19.00.24215.01
LogInit: Build Configuration: Development
LogInit: Branch Name: ++UE4+Release-4.17
LogInit: Command line: -EpicPortal 
LogInit: Base directory: C:/Game Files (x86)/Epic Games/UE_4.17/Engine/Binaries/Win64/
LogInit: Installed Engine Build: 1
LogInit: Presizing for max 8388607 objects, including 0 objects not considered by GC, pre-allocating 0 bytes for permanent pool.
LogInit: Object subsystem initialized
[2017.10.24-09.43.22:041][  0]LogInit: Selected Device Profile: [Windows]
[2017.10.24-09.43.22:041][  0]LogInit: Applying CVar settings loaded from the selected device profile: [Windows]
[2017.10.24-09.43.22:099][  0]LogInit: Computer: DESKTOP-KO6AKA5
[2017.10.24-09.43.22:099][  0]LogInit: User: kamin
[2017.10.24-09.43.22:099][  0]LogInit: CPU Page size=4096, Cores=2
[2017.10.24-09.43.22:099][  0]LogInit: High frequency timer resolution =2.435771 MHz
[2017.10.24-09.43.22:099][  0]LogMemory: Memory total: Physical=3.9GB (4GB approx)
[2017.10.24-09.43.22:099][  0]LogMemory: Platform Memory Stats for Windows
[2017.10.24-09.43.22:100][  0]LogMemory: Process Physical Memory: 277.68 MB used, 277.68 MB peak
[2017.10.24-09.43.22:100][  0]LogMemory: Process Virtual Memory: 273.63 MB used, 273.63 MB peak
[2017.10.24-09.43.22:100][  0]LogMemory: Physical Memory: 2379.54 MB used,  1621.53 MB free, 4001.07 MB total
[2017.10.24-09.43.22:100][  0]LogMemory: Virtual Memory: 669.47 MB used,  1621.53 MB free, 134217728.00 MB total
[2017.10.24-09.43.22:493][  0]LogInit: Using OS detected language (en-US).
[2017.10.24-09.43.22:493][  0]LogInit: Using OS detected locale (en-US).
[2017.10.24-09.43.22:582][  0]LogTextLocalizationManager: No specific localization for 'en-US' exists, so the 'en' localization will be used.
[2017.10.24-09.43.26:985][  0]LogD3D11RHI: D3D11 adapters:
[2017.10.24-09.43.26:993][  0]LogD3D11RHI:    0. 'Intel(R) HD Graphics Family' (Feature Level 11_0)
[2017.10.24-09.43.26:993][  0]LogD3D11RHI:       112/0/2000 MB DedicatedVideo/DedicatedSystem/SharedSystem, Outputs:1, VendorId:0x8086
[2017.10.24-09.43.26:996][  0]LogD3D11RHI:    1. 'Microsoft Basic Render Driver' (Feature Level 11_0)
[2017.10.24-09.43.26:996][  0]LogD3D11RHI:       0/0/2000 MB DedicatedVideo/DedicatedSystem/SharedSystem, Outputs:0, VendorId:0x1414
[2017.10.24-09.43.26:996][  0]LogD3D11RHI: Chosen D3D11 Adapter: 0
[2017.10.24-09.43.27:004][  0]LogD3D11RHI: Creating new Direct3DDevice
[2017.10.24-09.43.27:004][  0]LogD3D11RHI:     GPU DeviceId: 0xa16 (for the marketing name, search the web for "GPU Device Id")
[2017.10.24-09.43.27:004][  0]LogWindows: EnumDisplayDevices:
[2017.10.24-09.43.27:004][  0]LogWindows:    0. 'Intel(R) HD Graphics Family' (P:1 D:1)
[2017.10.24-09.43.27:005][  0]LogWindows:    1. 'Intel(R) HD Graphics Family' (P:0 D:0)
[2017.10.24-09.43.27:005][  0]LogWindows:    2. 'Intel(R) HD Graphics Family' (P:0 D:0)
[2017.10.24-09.43.27:005][  0]LogWindows: DebugString: FoundDriverCount:3 
[2017.10.24-09.43.27:005][  0]LogD3D11RHI:     Adapter Name: Intel(R) HD Graphics Family
[2017.10.24-09.43.27:005][  0]LogD3D11RHI:   Driver Version: 20.19.15.4568 (internal:20.19.15.4568, unified:20.19.15.4568)
[2017.10.24-09.43.27:005][  0]LogD3D11RHI:      Driver Date: 12-16-2016
[2017.10.24-09.43.27:005][  0]LogRHI: Texture pool is 778 MB (70% of 1112 MB)
[2017.10.24-09.43.27:013][  0]LogD3D11RHI: Async texture creation enabled
[2017.10.24-09.43.27:019][  0]LogD3D11RHI: GPU Timing Frequency: 12.500000 (Debug: 2 0)
[2017.10.24-09.43.27:020][  0]LogShaderCompilers: Guid format shader working directory is -15 characters bigger than the processId version (../../../../../../GitProjects/Unreal Projects/multiplayer_fps/Intermediate/Shaders/WorkingDirectory/9948/).
[2017.10.24-09.43.27:020][  0]LogShaderCompilers: Cleaned the shader compiler working directory 'C:/Users/kamin/AppData/Local/Temp/UnrealShaderWorkingDir/43CA6C454AAE8B2021642587762070F0/'.
[2017.10.24-09.43.27:020][  0]LogShaderCompilers: Display: Using Local Shader Compiler.
[2017.10.24-09.43.32:886][  0]LogTemp: Display: Loaded TP AllDesktopTargetPlatform
[2017.10.24-09.43.32:986][  0]LogTemp: Display: Loaded TP MacClientTargetPlatform
[2017.10.24-09.43.33:079][  0]LogTemp: Display: Loaded TP MacNoEditorTargetPlatform
[2017.10.24-09.43.33:165][  0]LogTemp: Display: Loaded TP MacServerTargetPlatform
[2017.10.24-09.43.33:263][  0]LogTemp: Display: Loaded TP MacTargetPlatform
[2017.10.24-09.43.33:367][  0]LogTemp: Display: Loaded TP WindowsClientTargetPlatform
[2017.10.24-09.43.33:472][  0]LogTemp: Display: Loaded TP WindowsNoEditorTargetPlatform
[2017.10.24-09.43.33:581][  0]LogTemp: Display: Loaded TP WindowsServerTargetPlatform
[2017.10.24-09.43.33:671][  0]LogTemp: Display: Loaded TP WindowsTargetPlatform
[2017.10.24-09.43.33:765][  0]LogTemp: Display: Loaded TP AndroidTargetPlatform
[2017.10.24-09.43.33:961][  0]LogTemp: Display: Loaded TP Android_ASTCTargetPlatform
[2017.10.24-09.43.34:139][  0]LogTemp: Display: Loaded TP Android_ATCTargetPlatform
[2017.10.24-09.43.34:258][  0]LogTemp: Display: Loaded TP Android_DXTTargetPlatform
[2017.10.24-09.43.34:372][  0]LogTemp: Display: Loaded TP Android_ETC1TargetPlatform
[2017.10.24-09.43.34:641][  0]LogTemp: Display: Loaded TP Android_ETC2TargetPlatform
[2017.10.24-09.43.35:113][  0]LogTemp: Display: Loaded TP Android_MultiTargetPlatform
[2017.10.24-09.43.35:113][  0]LogTemp: Display: Loaded TP Android_PVRTCTargetPlatform
[2017.10.24-09.43.35:234][  0]LogTemp: Display: Loaded TP HTML5TargetPlatform
[2017.10.24-09.43.35:496][  0]LogTemp: Display: Loaded TP IOSTargetPlatform
[2017.10.24-09.43.35:598][  0]LogTemp: Display: Loaded TP TVOSTargetPlatform
[2017.10.24-09.43.35:772][  0]LogTemp: Display: Loaded TP LinuxClientTargetPlatform
[2017.10.24-09.43.36:003][  0]LogTemp: Display: Loaded TP LinuxNoEditorTargetPlatform
[2017.10.24-09.43.36:162][  0]LogTemp: Display: Loaded TP LinuxServerTargetPlatform
[2017.10.24-09.43.36:345][  0]LogTemp: Display: Loaded TP LinuxTargetPlatform
[2017.10.24-09.43.36:345][  0]LogTargetPlatformManager: Display: Building Assets For Windows
[2017.10.24-09.43.38:235][  0]LogDerivedDataCache: Display: Max Cache Size: 512 MB
[2017.10.24-09.43.38:586][  0]LogDerivedDataCache: Loaded boot cache 0.35s 93MB C:/Users/kamin/AppData/Local/UnrealEngine/4.17/DerivedDataCache/Boot.ddc.
[2017.10.24-09.43.38:586][  0]LogDerivedDataCache: Display: Loaded Boot cache: C:/Users/kamin/AppData/Local/UnrealEngine/4.17/DerivedDataCache/Boot.ddc
[2017.10.24-09.43.38:586][  0]LogDerivedDataCache: FDerivedDataBackendGraph:  Pak pak cache file ../../../../../../GitProjects/Unreal Projects/multiplayer_fps/DerivedDataCache/DDC.ddp not found, will not use a pak cache.
[2017.10.24-09.43.38:586][  0]LogDerivedDataCache: Unable to find inner node Pak for hierarchical cache Hierarchy.
[2017.10.24-09.43.38:587][  0]LogDerivedDataCache: FDerivedDataBackendGraph:  CompressedPak pak cache file ../../../../../../GitProjects/Unreal Projects/multiplayer_fps/DerivedDataCache/Compressed.ddp not found, will not use a pak cache.
[2017.10.24-09.43.38:587][  0]LogDerivedDataCache: Unable to find inner node CompressedPak for hierarchical cache Hierarchy.
[2017.10.24-09.43.38:655][  0]LogDerivedDataCache: Display: Pak cache opened for reading ../../../Engine/DerivedDataCache/Compressed.ddp.
[2017.10.24-09.43.38:677][  0]LogDerivedDataCache: Using Local data cache path C:/Users/kamin/AppData/Local/UnrealEngine/Common/DerivedDataCache: Writable
[2017.10.24-09.43.38:815][  0]LogMaterial: Verifying Global Shaders for PCD3D_SM5
[2017.10.24-09.43.38:816][  0]LogSlate: Using Freetype 2.6.0
[2017.10.24-09.43.38:910][  0]LogSlate: SlateFontCache - WITH_FREETYPE: 1, WITH_HARFBUZZ: 1
[2017.10.24-09.43.38:913][  0]LogSlate: SlateFontCache - WITH_FREETYPE: 1, WITH_HARFBUZZ: 1
[2017.10.24-09.43.41:675][  0]LogAssetRegistry: FAssetRegistry took 0.0335 seconds to start up
[2017.10.24-09.43.42:176][  0]LogInit: Selected Device Profile: [Windows]
[2017.10.24-09.43.42:688][  0]LogContentStreaming: Texture pool size is 0.00 MB
[2017.10.24-09.43.44:041][  0]LogSimplygon: Simplygon DLL not present - disabling.
[2017.10.24-09.43.44:264][  0]LogMeshReduction: Using SimplygonSwarm for distributed automatic mesh merging
[2017.10.24-09.43.44:264][  0]LogMeshReduction: Using QuadricMeshReduction for automatic static mesh reduction
[2017.10.24-09.43.44:264][  0]LogMeshReduction: No automatic skeletal mesh reduction module available
[2017.10.24-09.43.44:264][  0]LogMeshReduction: No automatic mesh merging module available
[2017.10.24-09.43.44:264][  0]LogMeshMerging: No automatic mesh merging module available
[2017.10.24-09.43.45:803][  0]LogNetVersion: multiplayer_fps , NetCL: 3573198, EngineNetVer: 2, GameNetVer: 0 (Checksum: 2669265445)
[2017.10.24-09.43.46:579][  0]LogPackageLocalizationCache: Processed 5 localized package path(s) for 2 prioritized culture(s) in 0.138600 seconds
[2017.10.24-09.43.46:596][  0]LogUObjectArray: 35825 objects as part of root set at end of initial load.
[2017.10.24-09.43.46:596][  0]LogUObjectAllocator: 7529104 out of 0 bytes used by permanent object pool.
[2017.10.24-09.43.46:597][  0]LogUObjectArray: CloseDisregardForGC: 0/0 objects in disregard for GC pool
[2017.10.24-09.43.46:906][  0]LogInit: WinSock: version 1.1 (2.2), MaxSocks=32767, MaxUdp=65467
[2017.10.24-09.44.17:329][  0]LogTcpMessaging: Initializing TcpMessaging bridge
[2017.10.24-09.44.17:408][  0]LogUdpMessaging: Initializing bridge on interface 0.0.0.0:0 to multicast group 230.0.0.1:6666.
[2017.10.24-09.44.19:805][  0]LogMaterial: Uniform references updated for custom material expression Custom.
[2017.10.24-09.44.20:686][  0]SourceControl: Source control is disabled
[2017.10.24-09.44.20:687][  0]SourceControl: Source control is disabled
[2017.10.24-09.44.20:811][  0]SourceControl: Source control is disabled
[2017.10.24-09.44.20:970][  0]SourceControl: Source control is disabled
[2017.10.24-09.44.22:470][  0]LogAndroidPermission: UAndroidPermissionCallbackProxy::GetInstance
[2017.10.24-09.44.22:968][  0]LogOcInput: OculusInput pre-init called
[2017.10.24-09.44.23:554][  0]LogEngine: Initializing Engine...
[2017.10.24-09.44.23:558][  0]LogHMD: Failed to initialize OpenVR with code 110
[2017.10.24-09.44.23:978][  0]LogStats: UGameplayTagsManager::ConstructGameplayTagTree: Construct from data asset -  0.000 s
[2017.10.24-09.44.23:980][  0]LogStats: UGameplayTagsManager::ConstructGameplayTagTree: GameplayTagTreeChangedEvent.Broadcast -  0.000 s
[2017.10.24-09.44.24:321][  0]LogAIModule: Creating AISystem for world Untitled
[2017.10.24-09.44.24:354][  0]LogInit: XAudio2 using 'Headphones (Realtek High Definition Audio)' : 2 channels at 48 kHz using 32 bits per sample (channel mask 0x3)
[2017.10.24-09.44.24:540][  0]LogInit: FAudioDevice initialized.
[2017.10.24-09.44.24:689][  0]LogDerivedDataCache: Saved boot cache 0.15s 93MB C:/Users/kamin/AppData/Local/UnrealEngine/4.17/DerivedDataCache/Boot.ddc.
[2017.10.24-09.44.24:710][  0]LogInit: Texture streaming: Enabled
[2017.10.24-09.44.24:989][  0]LogEngineSessionManager: EngineSessionManager initialized
[2017.10.24-09.44.26:070][  0]LogInit: Transaction tracking system initialized
[2017.10.24-09.44.26:613][  0]BlueprintLog: New page: Editor Load
[2017.10.24-09.44.28:867][  0]LocalizationService: Localization service is disabled
[2017.10.24-09.44.30:918][  0]LogConsoleResponse: Display: 
[2017.10.24-09.44.31:385][  0]LogCook: Display: Max memory allowance for cook 16384mb min free memory 0mb
[2017.10.24-09.44.31:386][  0]LogCook: Display: Mobile HDR setting 1
[2017.10.24-09.44.31:388][  0]LogFileCache: Scanning file cache for directory 'C:/GitProjects/Unreal Projects/multiplayer_fps/Content/' took 0.02s
[2017.10.24-09.44.31:388][  0]LogGameplayTags: Display: UGameplayTagsManager::DoneAddingNativeTags. DelegateIsBound: 0
[2017.10.24-09.44.34:815][  0]SourceControl: Source control is disabled
[2017.10.24-09.44.34:819][  0]Cmd: MAP LOAD FILE="../../../../../../GitProjects/Unreal Projects/multiplayer_fps/Content/FirstPersonBP/Maps/FirstPersonExampleMap.umap" TEMPLATE=0 SHOWPROGRESS=1 FEATURELEVEL=3
[2017.10.24-09.44.34:821][  0]LightingResults: New page: Lighting Build
[2017.10.24-09.44.35:137][  0]MapCheck: New page: Map Check
[2017.10.24-09.44.35:137][  0]LightingResults: New page: Lighting Build
[2017.10.24-09.44.37:828][  0]LogAIModule: Creating AISystem for world FirstPersonExampleMap
[2017.10.24-09.44.37:947][  0]LogEditorServer: Finished looking for orphan Actors (0.000 secs)
[2017.10.24-09.44.38:020][  0]Cmd: MAP CHECKDEP NOCLEARLOG
[2017.10.24-09.44.38:168][  0]MapCheck: Map check complete: 0 Error(s), 0 Warning(s), took 147.182ms to complete.
[2017.10.24-09.44.38:168][  0]LogFileHelpers: Loading map 'FirstPersonExampleMap' took 3.351
[2017.10.24-09.44.38:606][  0]LogCollectionManager: Loaded 0 collections in 0.003986 seconds
[2017.10.24-09.44.38:774][  0]LogFileCache: Scanning file cache for directory 'C:/GitProjects/Unreal Projects/multiplayer_fps/Saved/Collections/' took 0.01s
[2017.10.24-09.44.38:774][  0]LogFileCache: Scanning file cache for directory 'C:/GitProjects/Unreal Projects/multiplayer_fps/Content/Developers/kamin/Collections/' took 0.01s
[2017.10.24-09.44.38:774][  0]LogFileCache: Scanning file cache for directory 'C:/GitProjects/Unreal Projects/multiplayer_fps/Content/Collections/' took 0.01s
[2017.10.24-09.44.38:774][  0]LogCollectionManager: Rebuilt the GUID cache for 0 collections in 0.000001 seconds
[2017.10.24-09.44.38:794][  0]LogContentBrowser: Native class hierarchy populated in 0.0189 seconds. Added 2386 classes and 500 folders.
[2017.10.24-09.44.38:996][  0]LogContentBrowser: Native class hierarchy updated for 'WidgetCarousel' in 0.0014 seconds. Added 0 classes and 0 folders.
[2017.10.24-09.44.39:791][  0]LogContentBrowser: Native class hierarchy updated for 'AddContentDialog' in 0.0012 seconds. Added 0 classes and 0 folders.
[2017.10.24-09.44.39:907][  0]LogContentBrowser: Native class hierarchy updated for 'SceneOutliner' in 0.0012 seconds. Added 1 classes and 2 folders.
[2017.10.24-09.44.40:039][  0]LogSlate: Took 0.014467 seconds to synchronously load lazily loaded font '../../../Engine/Content/Slate/Fonts/Roboto-Regular.ttf' (155K)
[2017.10.24-09.44.40:055][  0]LogSlate: Took 0.011057 seconds to synchronously load lazily loaded font '../../../Engine/Content/Slate/Fonts/Roboto-Bold.ttf' (160K)
[2017.10.24-09.44.40:083][  0]LogSlate: Took 0.011133 seconds to synchronously load lazily loaded font '../../../Engine/Content/Editor/Slate/Fonts/FontAwesome.ttf' (139K)
[2017.10.24-09.44.40:437][  0]LogRenderer: Reallocating scene render targets to support 904x496 Format 9 NumSamples 1 (Frame:1).
[2017.10.24-09.44.42:218][  0]LogContentBrowser: Native class hierarchy updated for 'HierarchicalLODOutliner' in 0.0016 seconds. Added 1 classes and 2 folders.
[2017.10.24-09.44.42:218][  0]LogLoad: (Engine Initialization) Total time: 88.00 seconds
[2017.10.24-09.44.42:218][  0]LogLoad: (Engine Initialization) Total Blueprint compile time: 0.00 seconds
[2017.10.24-09.44.42:220][  0]LogExternalProfiler: No external profilers were discovered.  External profiling features will not be available.
[2017.10.24-09.44.42:604][  0]LogContentStreaming: Texture pool size now 400 MB
[2017.10.24-09.44.42:648][  0]LogSlate: Took 0.010065 seconds to synchronously load lazily loaded font '../../../Engine/Content/Slate/Fonts/Roboto-Light.ttf' (159K)
[2017.10.24-09.44.43:900][  4]LogAssetRegistry: Asset discovery search completed in 62.2473 seconds
[2017.10.24-09.44.43:905][  4]LogCollectionManager: Rebuilt the object cache for 0 collections in 0.000000 seconds (found 0 objects)
[2017.10.24-09.44.43:905][  4]LogCollectionManager: Fixed up redirectors for 0 collections in 0.000124 seconds (updated 0 objects)
